\BOOKMARK [1][-]{section*.1}{\376\377\000A\000b\000s\000t\000r\000a\000c\000t}{}% 1
\BOOKMARK [1][-]{section.1}{\376\377\0001\000\040\000I\000n\000t\000r\000o\000d\000u\000\347\000\343\000o}{}% 2
\BOOKMARK [1][-]{section.2}{\376\377\0002\000\040\000F\000u\000n\000d\000a\000m\000e\000n\000t\000a\000\347\000\343\000o\000\040\000T\000e\000\363\000r\000i\000c\000a}{}% 3
\BOOKMARK [2][-]{subsection.2.1}{\376\377\0002\000.\0001\000\040\000M\000\351\000t\000r\000i\000c\000a\000s\000\040\000d\000e\000\040\000A\000v\000a\000l\000i\000a\000\347\000\343\000o}{section.2}% 4
\BOOKMARK [2][-]{subsection.2.2}{\376\377\0002\000.\0002\000\040\000F\000i\000l\000t\000r\000o\000s\000\040\000d\000e\000\040\000G\000a\000b\000o\000r}{section.2}% 5
\BOOKMARK [2][-]{subsection.2.3}{\376\377\0002\000.\0003\000\040\000F\000i\000l\000t\000r\000o\000\040\000L\000a\000p\000l\000a\000c\000i\000a\000n\000o\000\040\000d\000e\000\040\000G\000a\000u\000s\000s\000i\000a\000n\000a\000\040\000\050\000L\000o\000G\000\051}{section.2}% 6
\BOOKMARK [2][-]{subsection.2.4}{\376\377\0002\000.\0004\000\040\000S\000e\000g\000m\000e\000n\000t\000a\000\347\000\343\000o\000\040\000p\000o\000r\000\040\000A\000g\000r\000u\000p\000a\000m\000e\000n\000t\000o}{section.2}% 7
\BOOKMARK [1][-]{section.3}{\376\377\0003\000\040\000D\000e\000s\000c\000r\000i\000\347\000\343\000o\000\040\000d\000o\000s\000\040\000C\000o\000n\000j\000u\000n\000t\000o\000s\000\040\000d\000e\000\040\000D\000a\000d\000o\000s}{}% 8
\BOOKMARK [2][-]{subsection.3.1}{\376\377\0003\000.\0001\000\040\000M\000e\000d\000M\000N\000I\000S\000T\000\040\000-\000\040\000P\000n\000e\000u\000m\000o\000n\000i\000a\000M\000N\000I\000S\000T}{section.3}% 9
\BOOKMARK [2][-]{subsection.3.2}{\376\377\0003\000.\0002\000\040\000A\000m\000o\000s\000t\000r\000a\000g\000e\000m\000\040\000E\000x\000p\000e\000r\000i\000m\000e\000n\000t\000a\000l\000\040\000e\000\040\000P\000r\000\351\000-\000p\000r\000o\000c\000e\000s\000s\000a\000m\000e\000n\000t\000o}{section.3}% 10
\BOOKMARK [1][-]{section.4}{\376\377\0004\000\040\000M\000e\000t\000o\000d\000o\000l\000o\000g\000i\000a}{}% 11
\BOOKMARK [2][-]{subsection.4.1}{\376\377\0004\000.\0001\000\040\000P\000r\000\351\000-\000p\000r\000o\000c\000e\000s\000s\000a\000m\000e\000n\000t\000o\000\040\000d\000a\000s\000\040\000I\000m\000a\000g\000e\000n\000s}{section.4}% 12
\BOOKMARK [2][-]{subsection.4.2}{\376\377\0004\000.\0002\000\040\000E\000s\000t\000r\000a\000t\000\351\000g\000i\000a\000\040\000d\000e\000\040\000A\000j\000u\000s\000t\000e\000\040\000d\000e\000\040\000F\000i\000l\000t\000r\000o\000s}{section.4}% 13
\BOOKMARK [2][-]{subsection.4.3}{\376\377\0004\000.\0003\000\040\000B\000a\000n\000c\000o\000\040\000d\000e\000\040\000F\000i\000l\000t\000r\000o\000s\000\040\000P\000r\000o\000p\000o\000s\000t\000o}{section.4}% 14
\BOOKMARK [2][-]{subsection.4.4}{\376\377\0004\000.\0004\000\040\000E\000x\000t\000r\000a\000\347\000\343\000o\000\040\000d\000e\000\040\000C\000a\000r\000a\000c\000t\000e\000r\000\355\000s\000t\000i\000c\000a\000s}{section.4}% 15
\BOOKMARK [2][-]{subsection.4.5}{\376\377\0004\000.\0005\000\040\000S\000e\000g\000m\000e\000n\000t\000a\000\347\000\343\000o\000\040\000p\000o\000r\000\040\000T\000e\000x\000t\000u\000r\000a}{section.4}% 16
\BOOKMARK [2][-]{subsection.4.6}{\376\377\0004\000.\0006\000\040\000A\000n\000\341\000l\000i\000s\000e\000\040\000M\000u\000l\000t\000i\000-\000e\000s\000c\000a\000l\000a}{section.4}% 17
\BOOKMARK [1][-]{section.5}{\376\377\0005\000\040\000R\000e\000s\000u\000l\000t\000a\000d\000o\000s\000\040\000e\000\040\000A\000n\000\341\000l\000i\000s\000e\000s}{}% 18
\BOOKMARK [2][-]{subsection.5.1}{\376\377\0005\000.\0001\000\040\000A\000n\000\341\000l\000i\000s\000e\000\040\000Q\000u\000a\000l\000i\000t\000a\000t\000i\000v\000a\000\040\000d\000o\000s\000\040\000F\000i\000l\000t\000r\000o\000s}{section.5}% 19
\BOOKMARK [2][-]{subsection.5.2}{\376\377\0005\000.\0002\000\040\000S\000e\000g\000m\000e\000n\000t\000a\000\347\000\343\000o\000\040\000p\000o\000r\000\040\000T\000e\000x\000t\000u\000r\000a}{section.5}% 20
\BOOKMARK [2][-]{subsection.5.3}{\376\377\0005\000.\0003\000\040\000C\000o\000m\000p\000a\000r\000a\000\347\000\343\000o\000\040\000e\000n\000t\000r\000e\000\040\000A\000b\000o\000r\000d\000a\000g\000e\000n\000s\000\040\000M\000u\000l\000t\000i\000-\000e\000s\000c\000a\000l\000a}{section.5}% 21
\BOOKMARK [2][-]{subsection.5.4}{\376\377\0005\000.\0004\000\040\000A\000v\000a\000l\000i\000a\000\347\000\343\000o\000\040\000Q\000u\000a\000n\000t\000i\000t\000a\000t\000i\000v\000a}{section.5}% 22
\BOOKMARK [2][-]{subsection.5.5}{\376\377\0005\000.\0005\000\040\000R\000o\000b\000u\000s\000t\000e\000z\000\040\000e\000\040\000L\000i\000m\000i\000t\000a\000\347\000\365\000e\000s}{section.5}% 23
\BOOKMARK [1][-]{section.6}{\376\377\0006\000\040\000D\000i\000s\000c\000u\000s\000s\000\343\000o}{}% 24
\BOOKMARK [2][-]{subsection.6.1}{\376\377\0006\000.\0001\000\040\000I\000n\000t\000e\000r\000p\000r\000e\000t\000a\000b\000i\000l\000i\000d\000a\000d\000e\000\040\000d\000o\000s\000\040\000R\000e\000s\000u\000l\000t\000a\000d\000o\000s}{section.6}% 25
\BOOKMARK [2][-]{subsection.6.2}{\376\377\0006\000.\0002\000\040\000C\000o\000m\000p\000a\000r\000a\000\347\000\343\000o\000\040\000c\000o\000m\000\040\000M\000\351\000t\000o\000d\000o\000s\000\040\000d\000e\000\040\000D\000e\000e\000p\000\040\000L\000e\000a\000r\000n\000i\000n\000g}{section.6}% 26
\BOOKMARK [2][-]{subsection.6.3}{\376\377\0006\000.\0003\000\040\000L\000i\000m\000i\000t\000a\000\347\000\365\000e\000s\000\040\000e\000\040\000T\000r\000a\000b\000a\000l\000h\000o\000s\000\040\000F\000u\000t\000u\000r\000o\000s}{section.6}% 27
\BOOKMARK [1][-]{section.7}{\376\377\0007\000\040\000C\000o\000n\000c\000l\000u\000s\000\343\000o}{}% 28
\BOOKMARK [1][-]{section*.10}{\376\377\000R\000e\000f\000e\000r\000e\000n\000c\000e\000s}{}% 29
